2025-01-25 16:51:30.000743 [debug]: debug!
2025-01-25 16:51:30.000792 [info] : info!
2025-01-25 16:51:30.000817 [warn] : warn!
2025-01-25 16:51:30.000937 [error]: error!
2025-01-25 16:53:25.528146 [debug]: debug!
2025-01-25 16:53:25.528293 [info]: info!
2025-01-25 16:53:25.528338 [warn]: warn!
2025-01-25 16:53:25.528380 [error]: error!
2025-01-25 16:53:31.932495 [debug]: debug!
2025-01-25 16:53:31.932581 [info]: info!
2025-01-25 16:53:31.932624 [warn]: warn!
2025-01-25 16:53:31.932665 [error]: error!
2025-01-25 16:55:52.833472 [debug]: debug!
2025-01-25 16:55:52.833557 [info]: info!
2025-01-25 16:55:52.833662 [warn]: warn!
2025-01-25 16:55:52.833690 [error]: error!
2025-01-25 17:02:35.534400 [debug]: debug!
2025-01-25 17:02:35.534567 [info]: info!
2025-01-25 17:02:35.534618 [warn]: warn!
2025-01-25 17:02:35.534660 [error]: error!
2025-01-25 17:02:45.103074 [debug]: debug!
2025-01-25 17:02:45.103153 [info]: info!
2025-01-25 17:02:45.103191 [warn]: warn!
2025-01-25 17:02:45.103448 [error]: error!
