Determining if the pthread_create exist failed with the following output:
Change Dir: /home/zqh/Desktop/c puls puls/build/CMakeFiles/CMakeTmp

Run Build Command:"/usr/bin/make" "cmTC_25528/fast"
/usr/bin/make -f CMakeFiles/cmTC_25528.dir/build.make CMakeFiles/cmTC_25528.dir/build
make[1]: Entering directory '/home/zqh/Desktop/c puls puls/build/CMakeFiles/CMakeTmp'
Building C object CMakeFiles/cmTC_25528.dir/CheckSymbolExists.c.o
/usr/bin/cc    -o CMakeFiles/cmTC_25528.dir/CheckSymbolExists.c.o   -c "/home/zqh/Desktop/c puls puls/build/CMakeFiles/CMakeTmp/CheckSymbolExists.c"
Linking C executable cmTC_25528
/usr/bin/cmake -E cmake_link_script CMakeFiles/cmTC_25528.dir/link.txt --verbose=1
/usr/bin/cc      CMakeFiles/cmTC_25528.dir/CheckSymbolExists.c.o  -o cmTC_25528 
CMakeFiles/cmTC_25528.dir/CheckSymbolExists.c.o: In function `main':
CheckSymbolExists.c:(.text+0x1b): undefined reference to `pthread_create'
collect2: error: ld returned 1 exit status
CMakeFiles/cmTC_25528.dir/build.make:97: recipe for target 'cmTC_25528' failed
make[1]: *** [cmTC_25528] Error 1
make[1]: Leaving directory '/home/zqh/Desktop/c puls puls/build/CMakeFiles/CMakeTmp'
Makefile:126: recipe for target 'cmTC_25528/fast' failed
make: *** [cmTC_25528/fast] Error 2

File /home/zqh/Desktop/c puls puls/build/CMakeFiles/CMakeTmp/CheckSymbolExists.c:
/* */
#include <pthread.h>

int main(int argc, char** argv)
{
  (void)argv;
#ifndef pthread_create
  return ((int*)(&pthread_create))[argc];
#else
  (void)argc;
  return 0;
#endif
}

Determining if the function pthread_create exists in the pthreads failed with the following output:
Change Dir: /home/zqh/Desktop/c puls puls/build/CMakeFiles/CMakeTmp

Run Build Command:"/usr/bin/make" "cmTC_41ee4/fast"
/usr/bin/make -f CMakeFiles/cmTC_41ee4.dir/build.make CMakeFiles/cmTC_41ee4.dir/build
make[1]: Entering directory '/home/zqh/Desktop/c puls puls/build/CMakeFiles/CMakeTmp'
Building C object CMakeFiles/cmTC_41ee4.dir/CheckFunctionExists.c.o
/usr/bin/cc   -DCHECK_FUNCTION_EXISTS=pthread_create   -o CMakeFiles/cmTC_41ee4.dir/CheckFunctionExists.c.o   -c /usr/share/cmake-3.10/Modules/CheckFunctionExists.c
Linking C executable cmTC_41ee4
/usr/bin/cmake -E cmake_link_script CMakeFiles/cmTC_41ee4.dir/link.txt --verbose=1
/usr/bin/cc  -DCHECK_FUNCTION_EXISTS=pthread_create    CMakeFiles/cmTC_41ee4.dir/CheckFunctionExists.c.o  -o cmTC_41ee4 -lpthreads 
/usr/bin/ld: cannot find -lpthreads
collect2: error: ld returned 1 exit status
CMakeFiles/cmTC_41ee4.dir/build.make:97: recipe for target 'cmTC_41ee4' failed
make[1]: *** [cmTC_41ee4] Error 1
make[1]: Leaving directory '/home/zqh/Desktop/c puls puls/build/CMakeFiles/CMakeTmp'
Makefile:126: recipe for target 'cmTC_41ee4/fast' failed
make: *** [cmTC_41ee4/fast] Error 2


